CRITICAL - 2025-11-04 10:59:30 --> CodeIgniter\View\Exceptions\ViewException: Invalid file: "templates/haut.php"
[Method: GET, Route: accueil/afficher]
in SYSTEMPATH/Exceptions/FrameworkException.php on line 41.
 1 SYSTEMPATH/View/View.php(222): CodeIgniter\Exceptions\FrameworkException::forInvalidFile()
 2 SYSTEMPATH/Common.php(1171): CodeIgniter\View\View->render()
 3 APPPATH/Controllers/Accueil.php(11): view()
 4 SYSTEMPATH/CodeIgniter.php(933): App\Controllers\Accueil->afficher()
 5 SYSTEMPATH/CodeIgniter.php(509): CodeIgniter\CodeIgniter->runController()
 6 SYSTEMPATH/CodeIgniter.php(355): CodeIgniter\CodeIgniter->handleRequest()
 7 SYSTEMPATH/Boot.php(325): CodeIgniter\CodeIgniter->run()
 8 SYSTEMPATH/Boot.php(67): CodeIgniter\Boot::runCodeIgniter()
 9 FCPATH/index.php(56): CodeIgniter\Boot::bootWeb()
CRITICAL - 2025-11-04 10:59:40 --> CodeIgniter\View\Exceptions\ViewException: Invalid file: "templates/haut.php"
[Method: GET, Route: accueil/afficher]
in SYSTEMPATH/Exceptions/FrameworkException.php on line 41.
 1 SYSTEMPATH/View/View.php(222): CodeIgniter\Exceptions\FrameworkException::forInvalidFile()
 2 SYSTEMPATH/Common.php(1171): CodeIgniter\View\View->render()
 3 APPPATH/Controllers/Accueil.php(11): view()
 4 SYSTEMPATH/CodeIgniter.php(933): App\Controllers\Accueil->afficher()
 5 SYSTEMPATH/CodeIgniter.php(509): CodeIgniter\CodeIgniter->runController()
 6 SYSTEMPATH/CodeIgniter.php(355): CodeIgniter\CodeIgniter->handleRequest()
 7 SYSTEMPATH/Boot.php(325): CodeIgniter\CodeIgniter->run()
 8 SYSTEMPATH/Boot.php(67): CodeIgniter\Boot::runCodeIgniter()
 9 FCPATH/index.php(56): CodeIgniter\Boot::bootWeb()
CRITICAL - 2025-11-04 11:01:41 --> CodeIgniter\View\Exceptions\ViewException: Invalid file: "templates/haut.php"
[Method: GET, Route: accueil/afficher]
in SYSTEMPATH/Exceptions/FrameworkException.php on line 41.
 1 SYSTEMPATH/View/View.php(222): CodeIgniter\Exceptions\FrameworkException::forInvalidFile()
 2 SYSTEMPATH/Common.php(1171): CodeIgniter\View\View->render()
 3 APPPATH/Controllers/Accueil.php(11): view()
 4 SYSTEMPATH/CodeIgniter.php(933): App\Controllers\Accueil->afficher()
 5 SYSTEMPATH/CodeIgniter.php(509): CodeIgniter\CodeIgniter->runController()
 6 SYSTEMPATH/CodeIgniter.php(355): CodeIgniter\CodeIgniter->handleRequest()
 7 SYSTEMPATH/Boot.php(325): CodeIgniter\CodeIgniter->run()
 8 SYSTEMPATH/Boot.php(67): CodeIgniter\Boot::runCodeIgniter()
 9 FCPATH/index.php(56): CodeIgniter\Boot::bootWeb()
CRITICAL - 2025-11-04 11:12:50 --> ArgumentCountError: Too few arguments to function App\Controllers\Accueil::afficher(), 0 passed in /home/2025DIFAL3/e22507733/public_html/V1/ci/system/CodeIgniter.php on line 933 and exactly 1 expected
[Method: GET, Route: accueil/afficher]
in APPPATH/Controllers/Accueil.php on line 9.
 1 SYSTEMPATH/CodeIgniter.php(933): App\Controllers\Accueil->afficher()
 2 SYSTEMPATH/CodeIgniter.php(509): CodeIgniter\CodeIgniter->runController()
 3 SYSTEMPATH/CodeIgniter.php(355): CodeIgniter\CodeIgniter->handleRequest()
 4 SYSTEMPATH/Boot.php(325): CodeIgniter\CodeIgniter->run()
 5 SYSTEMPATH/Boot.php(67): CodeIgniter\Boot::runCodeIgniter()
 6 FCPATH/index.php(56): CodeIgniter\Boot::bootWeb()
CRITICAL - 2025-11-04 11:12:52 --> ArgumentCountError: Too few arguments to function App\Controllers\Accueil::afficher(), 0 passed in /home/2025DIFAL3/e22507733/public_html/V1/ci/system/CodeIgniter.php on line 933 and exactly 1 expected
[Method: GET, Route: accueil/afficher]
in APPPATH/Controllers/Accueil.php on line 9.
 1 SYSTEMPATH/CodeIgniter.php(933): App\Controllers\Accueil->afficher()
 2 SYSTEMPATH/CodeIgniter.php(509): CodeIgniter\CodeIgniter->runController()
 3 SYSTEMPATH/CodeIgniter.php(355): CodeIgniter\CodeIgniter->handleRequest()
 4 SYSTEMPATH/Boot.php(325): CodeIgniter\CodeIgniter->run()
 5 SYSTEMPATH/Boot.php(67): CodeIgniter\Boot::runCodeIgniter()
 6 FCPATH/index.php(56): CodeIgniter\Boot::bootWeb()
CRITICAL - 2025-11-04 11:15:37 --> ArgumentCountError: Too few arguments to function App\Controllers\Accueil::afficher(), 0 passed in /home/2025DIFAL3/e22507733/public_html/V1/ci/system/CodeIgniter.php on line 933 and exactly 1 expected
[Method: GET, Route: accueil/afficher]
in APPPATH/Controllers/Accueil.php on line 9.
 1 SYSTEMPATH/CodeIgniter.php(933): App\Controllers\Accueil->afficher()
 2 SYSTEMPATH/CodeIgniter.php(509): CodeIgniter\CodeIgniter->runController()
 3 SYSTEMPATH/CodeIgniter.php(355): CodeIgniter\CodeIgniter->handleRequest()
 4 SYSTEMPATH/Boot.php(325): CodeIgniter\CodeIgniter->run()
 5 SYSTEMPATH/Boot.php(67): CodeIgniter\Boot::runCodeIgniter()
 6 FCPATH/index.php(56): CodeIgniter\Boot::bootWeb()
CRITICAL - 2025-11-04 11:15:39 --> ArgumentCountError: Too few arguments to function App\Controllers\Accueil::afficher(), 0 passed in /home/2025DIFAL3/e22507733/public_html/V1/ci/system/CodeIgniter.php on line 933 and exactly 1 expected
[Method: GET, Route: accueil/afficher]
in APPPATH/Controllers/Accueil.php on line 9.
 1 SYSTEMPATH/CodeIgniter.php(933): App\Controllers\Accueil->afficher()
 2 SYSTEMPATH/CodeIgniter.php(509): CodeIgniter\CodeIgniter->runController()
 3 SYSTEMPATH/CodeIgniter.php(355): CodeIgniter\CodeIgniter->handleRequest()
 4 SYSTEMPATH/Boot.php(325): CodeIgniter\CodeIgniter->run()
 5 SYSTEMPATH/Boot.php(67): CodeIgniter\Boot::runCodeIgniter()
 6 FCPATH/index.php(56): CodeIgniter\Boot::bootWeb()
CRITICAL - 2025-11-04 11:18:36 --> ArgumentCountError: Too few arguments to function App\Controllers\Accueil::afficher(), 0 passed in /home/2025DIFAL3/e22507733/public_html/V1/ci/system/CodeIgniter.php on line 933 and exactly 1 expected
[Method: GET, Route: accueil/afficher/]
in APPPATH/Controllers/Accueil.php on line 9.
 1 SYSTEMPATH/CodeIgniter.php(933): App\Controllers\Accueil->afficher()
 2 SYSTEMPATH/CodeIgniter.php(509): CodeIgniter\CodeIgniter->runController()
 3 SYSTEMPATH/CodeIgniter.php(355): CodeIgniter\CodeIgniter->handleRequest()
 4 SYSTEMPATH/Boot.php(325): CodeIgniter\CodeIgniter->run()
 5 SYSTEMPATH/Boot.php(67): CodeIgniter\Boot::runCodeIgniter()
 6 FCPATH/index.php(56): CodeIgniter\Boot::bootWeb()
CRITICAL - 2025-11-04 11:18:42 --> ArgumentCountError: Too few arguments to function App\Controllers\Accueil::afficher(), 0 passed in /home/2025DIFAL3/e22507733/public_html/V1/ci/system/CodeIgniter.php on line 933 and exactly 1 expected
[Method: GET, Route: accueil/afficher/]
in APPPATH/Controllers/Accueil.php on line 9.
 1 SYSTEMPATH/CodeIgniter.php(933): App\Controllers\Accueil->afficher()
 2 SYSTEMPATH/CodeIgniter.php(509): CodeIgniter\CodeIgniter->runController()
 3 SYSTEMPATH/CodeIgniter.php(355): CodeIgniter\CodeIgniter->handleRequest()
 4 SYSTEMPATH/Boot.php(325): CodeIgniter\CodeIgniter->run()
 5 SYSTEMPATH/Boot.php(67): CodeIgniter\Boot::runCodeIgniter()
 6 FCPATH/index.php(56): CodeIgniter\Boot::bootWeb()
CRITICAL - 2025-11-04 11:21:17 --> ArgumentCountError: Too few arguments to function App\Controllers\Accueil::afficher(), 0 passed in /home/2025DIFAL3/e22507733/public_html/V1/ci/system/CodeIgniter.php on line 933 and exactly 1 expected
[Method: GET, Route: accueil/afficher/]
in APPPATH/Controllers/Accueil.php on line 9.
 1 SYSTEMPATH/CodeIgniter.php(933): App\Controllers\Accueil->afficher()
 2 SYSTEMPATH/CodeIgniter.php(509): CodeIgniter\CodeIgniter->runController()
 3 SYSTEMPATH/CodeIgniter.php(355): CodeIgniter\CodeIgniter->handleRequest()
 4 SYSTEMPATH/Boot.php(325): CodeIgniter\CodeIgniter->run()
 5 SYSTEMPATH/Boot.php(67): CodeIgniter\Boot::runCodeIgniter()
 6 FCPATH/index.php(56): CodeIgniter\Boot::bootWeb()
CRITICAL - 2025-11-04 11:21:21 --> ArgumentCountError: Too few arguments to function App\Controllers\Accueil::afficher(), 0 passed in /home/2025DIFAL3/e22507733/public_html/V1/ci/system/CodeIgniter.php on line 933 and exactly 1 expected
[Method: GET, Route: accueil/afficher/]
in APPPATH/Controllers/Accueil.php on line 9.
 1 SYSTEMPATH/CodeIgniter.php(933): App\Controllers\Accueil->afficher()
 2 SYSTEMPATH/CodeIgniter.php(509): CodeIgniter\CodeIgniter->runController()
 3 SYSTEMPATH/CodeIgniter.php(355): CodeIgniter\CodeIgniter->handleRequest()
 4 SYSTEMPATH/Boot.php(325): CodeIgniter\CodeIgniter->run()
 5 SYSTEMPATH/Boot.php(67): CodeIgniter\Boot::runCodeIgniter()
 6 FCPATH/index.php(56): CodeIgniter\Boot::bootWeb()
CRITICAL - 2025-11-04 11:22:43 --> ArgumentCountError: Too few arguments to function App\Controllers\Accueil::afficher(), 0 passed in /home/2025DIFAL3/e22507733/public_html/V1/ci/system/CodeIgniter.php on line 933 and exactly 1 expected
[Method: GET, Route: accueil/afficher/]
in APPPATH/Controllers/Accueil.php on line 9.
 1 SYSTEMPATH/CodeIgniter.php(933): App\Controllers\Accueil->afficher()
 2 SYSTEMPATH/CodeIgniter.php(509): CodeIgniter\CodeIgniter->runController()
 3 SYSTEMPATH/CodeIgniter.php(355): CodeIgniter\CodeIgniter->handleRequest()
 4 SYSTEMPATH/Boot.php(325): CodeIgniter\CodeIgniter->run()
 5 SYSTEMPATH/Boot.php(67): CodeIgniter\Boot::runCodeIgniter()
 6 FCPATH/index.php(56): CodeIgniter\Boot::bootWeb()
CRITICAL - 2025-11-04 11:22:46 --> ArgumentCountError: Too few arguments to function App\Controllers\Accueil::afficher(), 0 passed in /home/2025DIFAL3/e22507733/public_html/V1/ci/system/CodeIgniter.php on line 933 and exactly 1 expected
[Method: GET, Route: accueil/afficher/]
in APPPATH/Controllers/Accueil.php on line 9.
 1 SYSTEMPATH/CodeIgniter.php(933): App\Controllers\Accueil->afficher()
 2 SYSTEMPATH/CodeIgniter.php(509): CodeIgniter\CodeIgniter->runController()
 3 SYSTEMPATH/CodeIgniter.php(355): CodeIgniter\CodeIgniter->handleRequest()
 4 SYSTEMPATH/Boot.php(325): CodeIgniter\CodeIgniter->run()
 5 SYSTEMPATH/Boot.php(67): CodeIgniter\Boot::runCodeIgniter()
 6 FCPATH/index.php(56): CodeIgniter\Boot::bootWeb()
CRITICAL - 2025-11-04 11:22:50 --> ArgumentCountError: Too few arguments to function App\Controllers\Accueil::afficher(), 0 passed in /home/2025DIFAL3/e22507733/public_html/V1/ci/system/CodeIgniter.php on line 933 and exactly 1 expected
[Method: GET, Route: accueil/afficher/]
in APPPATH/Controllers/Accueil.php on line 9.
 1 SYSTEMPATH/CodeIgniter.php(933): App\Controllers\Accueil->afficher()
 2 SYSTEMPATH/CodeIgniter.php(509): CodeIgniter\CodeIgniter->runController()
 3 SYSTEMPATH/CodeIgniter.php(355): CodeIgniter\CodeIgniter->handleRequest()
 4 SYSTEMPATH/Boot.php(325): CodeIgniter\CodeIgniter->run()
 5 SYSTEMPATH/Boot.php(67): CodeIgniter\Boot::runCodeIgniter()
 6 FCPATH/index.php(56): CodeIgniter\Boot::bootWeb()
CRITICAL - 2025-11-04 11:22:52 --> ArgumentCountError: Too few arguments to function App\Controllers\Accueil::afficher(), 0 passed in /home/2025DIFAL3/e22507733/public_html/V1/ci/system/CodeIgniter.php on line 933 and exactly 1 expected
[Method: GET, Route: accueil/afficher/]
in APPPATH/Controllers/Accueil.php on line 9.
 1 SYSTEMPATH/CodeIgniter.php(933): App\Controllers\Accueil->afficher()
 2 SYSTEMPATH/CodeIgniter.php(509): CodeIgniter\CodeIgniter->runController()
 3 SYSTEMPATH/CodeIgniter.php(355): CodeIgniter\CodeIgniter->handleRequest()
 4 SYSTEMPATH/Boot.php(325): CodeIgniter\CodeIgniter->run()
 5 SYSTEMPATH/Boot.php(67): CodeIgniter\Boot::runCodeIgniter()
 6 FCPATH/index.php(56): CodeIgniter\Boot::bootWeb()
CRITICAL - 2025-11-04 14:19:15 --> ErrorException: Undefined array key "cpt_login"
[Method: GET, Route: compte/lister]
in APPPATH/Views/affichage_comptes.php on line 10.
 1 APPPATH/Views/affichage_comptes.php(10): CodeIgniter\Debug\Exceptions->errorHandler()
 2 SYSTEMPATH/View/View.php(234): include('/home/2025DIFAL3/e22507733/public_html/V1/ci/app/Views/affichage_comptes.php')
 3 SYSTEMPATH/View/View.php(237): CodeIgniter\View\View->CodeIgniter\View\{closure}()
 4 SYSTEMPATH/Common.php(1171): CodeIgniter\View\View->render()
 5 APPPATH/Controllers/Compte.php(21): view()
 6 SYSTEMPATH/CodeIgniter.php(933): App\Controllers\Compte->lister()
 7 SYSTEMPATH/CodeIgniter.php(509): CodeIgniter\CodeIgniter->runController()
 8 SYSTEMPATH/CodeIgniter.php(355): CodeIgniter\CodeIgniter->handleRequest()
 9 SYSTEMPATH/Boot.php(325): CodeIgniter\CodeIgniter->run()
10 SYSTEMPATH/Boot.php(67): CodeIgniter\Boot::runCodeIgniter()
11 FCPATH/index.php(56): CodeIgniter\Boot::bootWeb()
CRITICAL - 2025-11-04 14:30:00 --> ParseError: syntax error, unexpected token "if", expecting "," or ";"
[Method: GET, Route: actualite/afficher/1]
in APPPATH/Views/affichage_actualite.php on line 4.
 1 SYSTEMPATH/View/View.php(237): CodeIgniter\View\View->CodeIgniter\View\{closure}()
 2 SYSTEMPATH/Common.php(1171): CodeIgniter\View\View->render()
 3 APPPATH/Controllers/Actualite.php(26): view()
 4 SYSTEMPATH/CodeIgniter.php(933): App\Controllers\Actualite->afficher()
 5 SYSTEMPATH/CodeIgniter.php(509): CodeIgniter\CodeIgniter->runController()
 6 SYSTEMPATH/CodeIgniter.php(355): CodeIgniter\CodeIgniter->handleRequest()
 7 SYSTEMPATH/Boot.php(325): CodeIgniter\CodeIgniter->run()
 8 SYSTEMPATH/Boot.php(67): CodeIgniter\Boot::runCodeIgniter()
 9 FCPATH/index.php(56): CodeIgniter\Boot::bootWeb()
